有变更的文件:
data\campaign\commodities.csv
data\campaign\industries.csv
data\campaign\rules.csv
data\campaign\econ\eos.json
data\characters\skills\gunnery_implants.skill
data\characters\skills\impact_mitigation.skill
data\characters\skills\skill_data.csv
data\config\custom_entities.json
data\config\hull_styles.json
data\config\settings.json
data\hullmods\Fourteenth.java
data\hullmods\hull_mods.csv
data\hulls\atlas2.ship
data\hulls\champion.ship
data\hulls\ship_data.csv
data\strings\descriptions.csv
data\strings\tips.json
data\variants\condor_Strike.variant
data\weapons\weapon_data.csv
data\weapons\proj\breach_srm.proj
data\world\factions\default_ship_roles.json
data\world\factions\derelict.faction
data\world\factions\independent.faction
data\world\factions\mercenary.faction
data\world\factions\persean_league.faction
data\world\factions\player.faction
data\world\factions\scavengers.faction
data\world\factions\sindrian_diktat.faction
data\world\factions\tritachyon.faction
新增加的文件:
无
